This is ApacheBench, Version 2.3 <$Revision: 1706008 $>
Copyright 1996 Adam Twiss, Zeus Technology Ltd, http://www.zeustech.net/
Licensed to The Apache Software Foundation, http://www.apache.org/

Benchmarking 127.0.0.1 (be patient)


Server Software:        nginx/1.10.1
Server Hostname:        127.0.0.1
Server Port:            80

Document Path:          /uploads/about.html
Document Length:        28 bytes

Concurrency Level:      10
Time taken for tests:   0.040 seconds
Complete requests:      1000
Failed requests:        0
Total transferred:      268000 bytes
HTML transferred:       28000 bytes
Requests per second:    25267.84 [#/sec] (mean)
Time per request:       0.396 [ms] (mean)
Time per request:       0.040 [ms] (mean, across all concurrent requests)
Transfer rate:          6613.07 [Kbytes/sec] received

Connection Times (ms)
              min  mean[+/-sd] median   max
Connect:        0    0   0.1      0       0
Processing:     0    0   0.8      0       8
Waiting:        0    0   0.8      0       8
Total:          0    0   0.8      0       8

Percentage of the requests served within a certain time (ms)
  50%      0
  66%      0
  75%      0
  80%      0
  90%      0
  95%      0
  98%      1
  99%      8
 100%      8 (longest request)
