This is ApacheBench, Version 2.3 <$Revision: 1706008 $>
Copyright 1996 Adam Twiss, Zeus Technology Ltd, http://www.zeustech.net/
Licensed to The Apache Software Foundation, http://www.apache.org/

Benchmarking 127.0.0.1 (be patient)


Server Software:        nginx/1.10.1
Server Hostname:        127.0.0.1
Server Port:            80

Document Path:          /static/img.jpg
Document Length:        4552070 bytes

Concurrency Level:      10
Time taken for tests:   1.067 seconds
Complete requests:      1000
Failed requests:        0
Total transferred:      4552320000 bytes
HTML transferred:       4552070000 bytes
Requests per second:    937.07 [#/sec] (mean)
Time per request:       10.672 [ms] (mean)
Time per request:       1.067 [ms] (mean, across all concurrent requests)
Transfer rate:          4165854.54 [Kbytes/sec] received

Connection Times (ms)
              min  mean[+/-sd] median   max
Connect:        0    0   0.1      0       1
Processing:     4   11   9.8     10     110
Waiting:        0    1   9.5      0     101
Total:          4   11   9.8     10     111

Percentage of the requests served within a certain time (ms)
  50%     10
  66%     10
  75%     10
  80%     10
  90%     12
  95%     12
  98%     14
  99%     99
 100%    111 (longest request)
