This is ApacheBench, Version 2.3 <$Revision: 1706008 $>
Copyright 1996 Adam Twiss, Zeus Technology Ltd, http://www.zeustech.net/
Licensed to The Apache Software Foundation, http://www.apache.org/

Benchmarking 127.0.0.1 (be patient)


Server Software:        nginx/1.10.1
Server Hostname:        127.0.0.1
Server Port:            80

Document Path:          /static/img.jpg
Document Length:        4552070 bytes

Concurrency Level:      10
Time taken for tests:   1.081 seconds
Complete requests:      1000
Failed requests:        0
Total transferred:      4552320000 bytes
HTML transferred:       4552070000 bytes
Requests per second:    925.07 [#/sec] (mean)
Time per request:       10.810 [ms] (mean)
Time per request:       1.081 [ms] (mean, across all concurrent requests)
Transfer rate:          4112500.15 [Kbytes/sec] received

Connection Times (ms)
              min  mean[+/-sd] median   max
Connect:        0    0   0.1      0       1
Processing:     5   11   2.4     10      25
Waiting:        0    0   0.2      0       2
Total:          6   11   2.4     10      25

Percentage of the requests served within a certain time (ms)
  50%     10
  66%     11
  75%     12
  80%     12
  90%     14
  95%     15
  98%     18
  99%     22
 100%     25 (longest request)
