This is ApacheBench, Version 2.3 <$Revision: 1706008 $>
Copyright 1996 Adam Twiss, Zeus Technology Ltd, http://www.zeustech.net/
Licensed to The Apache Software Foundation, http://www.apache.org/

Benchmarking 127.0.0.1 (be patient)


Server Software:        nginx/1.10.1
Server Hostname:        127.0.0.1
Server Port:            80

Document Path:          /uploads/about.html
Document Length:        28 bytes

Concurrency Level:      10
Time taken for tests:   0.035 seconds
Complete requests:      1000
Failed requests:        0
Total transferred:      339000 bytes
HTML transferred:       28000 bytes
Requests per second:    28743.89 [#/sec] (mean)
Time per request:       0.348 [ms] (mean)
Time per request:       0.035 [ms] (mean, across all concurrent requests)
Transfer rate:          9515.80 [Kbytes/sec] received

Connection Times (ms)
              min  mean[+/-sd] median   max
Connect:        0    0   0.1      0       0
Processing:     0    0   0.1      0       1
Waiting:        0    0   0.1      0       1
Total:          0    0   0.2      0       1

Percentage of the requests served within a certain time (ms)
  50%      0
  66%      0
  75%      0
  80%      0
  90%      1
  95%      1
  98%      1
  99%      1
 100%      1 (longest request)
