This is ApacheBench, Version 2.3 <$Revision: 1706008 $>
Copyright 1996 Adam Twiss, Zeus Technology Ltd, http://www.zeustech.net/
Licensed to The Apache Software Foundation, http://www.apache.org/

Benchmarking 127.0.0.1 (be patient)


Server Software:        nginx/1.10.1
Server Hostname:        127.0.0.1
Server Port:            80

Document Path:          /static/logo.svg
Document Length:        692 bytes

Concurrency Level:      10
Time taken for tests:   0.138 seconds
Complete requests:      1000
Failed requests:        0
Total transferred:      938000 bytes
HTML transferred:       692000 bytes
Requests per second:    7264.54 [#/sec] (mean)
Time per request:       1.377 [ms] (mean)
Time per request:       0.138 [ms] (mean, across all concurrent requests)
Transfer rate:          6654.43 [Kbytes/sec] received

Connection Times (ms)
              min  mean[+/-sd] median   max
Connect:        0    0   0.1      0       0
Processing:     0    1  10.3      0     104
Waiting:        0    1  10.3      0     104
Total:          0    1  10.3      0     104

Percentage of the requests served within a certain time (ms)
  50%      0
  66%      0
  75%      0
  80%      0
  90%      0
  95%      1
  98%      1
  99%    104
 100%    104 (longest request)
