This is ApacheBench, Version 2.3 <$Revision: 1706008 $>
Copyright 1996 Adam Twiss, Zeus Technology Ltd, http://www.zeustech.net/
Licensed to The Apache Software Foundation, http://www.apache.org/

Benchmarking 127.0.0.1 (be patient)


Server Software:        nginx/1.10.1
Server Hostname:        127.0.0.1
Server Port:            80

Document Path:          /static/img.jpg
Document Length:        4552070 bytes

Concurrency Level:      10
Time taken for tests:   0.994 seconds
Complete requests:      1000
Failed requests:        0
Total transferred:      4552388000 bytes
HTML transferred:       4552070000 bytes
Requests per second:    1006.11 [#/sec] (mean)
Time per request:       9.939 [ms] (mean)
Time per request:       0.994 [ms] (mean, across all concurrent requests)
Transfer rate:          4472850.55 [Kbytes/sec] received

Connection Times (ms)
              min  mean[+/-sd] median   max
Connect:        0    0   0.1      0       1
Processing:     4   10   2.2     10      26
Waiting:        0    0   0.7      0      10
Total:          4   10   2.2     10      26

Percentage of the requests served within a certain time (ms)
  50%     10
  66%     10
  75%     10
  80%     11
  90%     12
  95%     14
  98%     16
  99%     16
 100%     26 (longest request)
