This is ApacheBench, Version 2.3 <$Revision: 1706008 $>
Copyright 1996 Adam Twiss, Zeus Technology Ltd, http://www.zeustech.net/
Licensed to The Apache Software Foundation, http://www.apache.org/

Benchmarking 127.0.0.1 (be patient)


Server Software:        WSGIServer/0.1
Server Hostname:        127.0.0.1
Server Port:            8000

Document Path:          /question/get?login=admin&name=komtet
Document Length:        23 bytes

Concurrency Level:      10
Time taken for tests:   1.550 seconds
Complete requests:      1000
Failed requests:        0
Total transferred:      187000 bytes
HTML transferred:       23000 bytes
Requests per second:    645.16 [#/sec] (mean)
Time per request:       15.500 [ms] (mean)
Time per request:       1.550 [ms] (mean, across all concurrent requests)
Transfer rate:          117.82 [Kbytes/sec] received

Connection Times (ms)
              min  mean[+/-sd] median   max
Connect:        0    0   0.0      0       0
Processing:     2   15   3.5     15      36
Waiting:        1   14   3.1     13      33
Total:          3   15   3.5     15      36

Percentage of the requests served within a certain time (ms)
  50%     15
  66%     16
  75%     16
  80%     17
  90%     19
  95%     21
  98%     26
  99%     32
 100%     36 (longest request)
